#
# A fatal error has been detected by the Java Runtime Environment:
#
#  Internal Error (os_windows_x86.cpp:149), pid=7868, tid=4412
#  guarantee(result == EXCEPTION_CONTINUE_EXECUTION) failed: Unexpected result from topLevelExceptionFilter
#
# JRE version: 7.0_25-b17
# Java VM: Java HotSpot(TM) 64-Bit Server VM (23.25-b01 mixed mode windows-amd64 compressed oops)
# Failed to write core dump. Minidumps are not enabled by default on client versions of Windows
#
# If you would like to submit a bug report, please visit:
#   http://bugreport.sun.com/bugreport/crash.jsp
# The crash happened outside the Java Virtual Machine in native code.
# See problematic frame for where to report the bug.
#

---------------  T H R E A D  ---------------

Current thread (0x000000000be69800):  JavaThread "Thread-4" [_thread_in_native, id=4412, stack(0x000000000caa0000,0x000000000cba0000)]

Stack: [0x000000000caa0000,0x000000000cba0000]
Java frames: (J=compiled Java code, j=interpreted, Vv=VM code)
j  sun.font.T2KFontScaler.getGlyphImageNative(Lsun/font/Font2D;JJI)J+0
j  sun.font.T2KFontScaler.getGlyphImage(JI)J+26
j  sun.font.FileFont.getGlyphImage(JI)J+6
J  sun.font.FileFontStrike.getGlyphImagePtrs([I[JI)V
j  sun.font.GlyphList.mapChars(Lsun/java2d/loops/FontInfo;I)Z+37
j  sun.font.GlyphList.setFromString(Lsun/java2d/loops/FontInfo;Ljava/lang/String;FF)Z+71
j  sun.java2d.pipe.GlyphListPipe.drawString(Lsun/java2d/SunGraphics2D;Ljava/lang/String;DD)V+148
j  sun.java2d.SunGraphics2D.drawString(Ljava/lang/String;II)V+68
j  GamePanel.render()V+194
j  GamePanel.run()V+95
j  java.lang.Thread.run()V+11
v  ~StubRoutines::call_stub

---------------  P R O C E S S  ---------------

Java Threads: ( => current thread )
  0x000000000be6d800 JavaThread "Thread-5" [_thread_in_native, id=5752, stack(0x000000000cba0000,0x000000000cca0000)]
=>0x000000000be69800 JavaThread "Thread-4" [_thread_in_native, id=4412, stack(0x000000000caa0000,0x000000000cba0000)]
  0x000000000be63000 JavaThread "TimerQueue" daemon [_thread_blocked, id=8076, stack(0x000000000c8c0000,0x000000000c9c0000)]
  0x000000000bd46800 JavaThread "Timer-0" [_thread_blocked, id=7396, stack(0x000000000c650000,0x000000000c750000)]
  0x0000000002ced800 JavaThread "DestroyJavaVM" [_thread_blocked, id=2212, stack(0x0000000002b80000,0x0000000002c80000)]
  0x000000000ab37000 JavaThread "AWT-EventQueue-0" [_thread_blocked, id=7564, stack(0x000000000b830000,0x000000000b930000)]
  0x000000000ab0e800 JavaThread "AWT-Shutdown" [_thread_blocked, id=3788, stack(0x000000000b220000,0x000000000b320000)]
  0x000000000ab0d800 JavaThread "Java2D Disposer" daemon [_thread_blocked, id=6520, stack(0x000000000b120000,0x000000000b220000)]
  0x00000000090d7000 JavaThread "Service Thread" daemon [_thread_blocked, id=6716, stack(0x000000000a860000,0x000000000a960000)]
  0x00000000090d0000 JavaThread "C2 CompilerThread1" daemon [_thread_blocked, id=6192, stack(0x000000000a760000,0x000000000a860000)]
  0x00000000090cd800 JavaThread "C2 CompilerThread0" daemon [_thread_blocked, id=1244, stack(0x000000000a660000,0x000000000a760000)]
  0x00000000090c2800 JavaThread "Attach Listener" daemon [_thread_blocked, id=5208, stack(0x000000000a560000,0x000000000a660000)]
  0x00000000090bf000 JavaThread "Signal Dispatcher" daemon [_thread_blocked, id=7428, stack(0x000000000a460000,0x000000000a560000)]
  0x0000000009046800 JavaThread "Finalizer" daemon [_thread_blocked, id=7496, stack(0x000000000a360000,0x000000000a460000)]
  0x000000000903d800 JavaThread "Reference Handler" daemon [_thread_blocked, id=7704, stack(0x000000000a260000,0x000000000a360000)]

Other Threads:
  0x0000000009035000 VMThread [stack: 0x000000000a160000,0x000000000a260000] [id=6048]
  0x00000000090f6000 WatcherThread [stack: 0x000000000a960000,0x000000000aa60000] [id=5664]

VM state:not at safepoint (normal execution)

VM Mutex/Monitor currently owned by a thread: None

Heap
 PSYoungGen      total 42432K, used 32289K [0x00000000eb4b0000, 0x00000000ee290000, 0x0000000100000000)
  eden space 41728K, 77% used [0x00000000eb4b0000,0x00000000ed420468,0x00000000edd70000)
  from space 704K, 13% used [0x00000000ee1e0000,0x00000000ee1f8000,0x00000000ee290000)
  to   space 2624K, 0% used [0x00000000edd70000,0x00000000edd70000,0x00000000ee000000)
 ParOldGen       total 63040K, used 29640K [0x00000000c1e00000, 0x00000000c5b90000, 0x00000000eb4b0000)
  object space 63040K, 47% used [0x00000000c1e00000,0x00000000c3af22e0,0x00000000c5b90000)
 PSPermGen       total 21248K, used 11879K [0x00000000bcc00000, 0x00000000be0c0000, 0x00000000c1e00000)
  object space 21248K, 55% used [0x00000000bcc00000,0x00000000bd799df8,0x00000000be0c0000)

Card table byte_map: [0x0000000005df0000,0x0000000006010000] byte_map_base: 0x000000000580a000

Polling page: 0x0000000001030000

Code Cache  [0x0000000002df0000, 0x0000000003060000, 0x0000000005df0000)
 total_blobs=535 nmethods=93 adapters=393 free_code_cache=48460Kb largest_free_block=49599488

Compilation events (10 events):
Event: 8.530 Thread 0x00000000090d0000   87             java.awt.Container::findComponentAtImpl (315 bytes)
Event: 8.549 Thread 0x00000000090d0000 nmethod 87 0x0000000002e9eb50 code [0x0000000002e9ed60, 0x0000000002e9fb08]
Event: 9.560 Thread 0x00000000090cd800   88             sun.font.TrueTypeGlyphMapper::charsToGlyphsNS (199 bytes)
Event: 9.560 Thread 0x00000000090d0000   89             sun.font.FileFontStrike::getGlyphImagePtrs (110 bytes)
Event: 9.567 Thread 0x00000000090d0000 nmethod 89 0x0000000002e8f990 code [0x0000000002e8fb20, 0x0000000002e90088]
Event: 9.583 Thread 0x00000000090cd800 nmethod 88 0x0000000002ea0850 code [0x0000000002ea0a40, 0x0000000002ea1ca0]
Event: 10.203 Thread 0x00000000090d0000   91             java.lang.Double::doubleToLongBits (33 bytes)
Event: 10.204 Thread 0x00000000090d0000 nmethod 91 0x0000000002e9d1d0 code [0x0000000002e9d300, 0x0000000002e9d378]
Event: 11.041 Thread 0x00000000090cd800   92             java.util.HashMap::clear (39 bytes)
Event: 11.043 Thread 0x00000000090cd800 nmethod 92 0x0000000002e9b6d0 code [0x0000000002e9b800, 0x0000000002e9b918]

GC Heap History (10 events):
Event: 0.777 GC heap before
{Heap before GC invocations=1 (full 0):
 PSYoungGen      total 18560K, used 15936K [0x00000000eb4b0000, 0x00000000ec960000, 0x0000000100000000)
  eden space 15936K, 100% used [0x00000000eb4b0000,0x00000000ec440000,0x00000000ec440000)
  from space 2624K, 0% used [0x00000000ec6d0000,0x00000000ec6d0000,0x00000000ec960000)
  to   space 2624K, 0% used [0x00000000ec440000,0x00000000ec440000,0x00000000ec6d0000)
 ParOldGen       total 42432K, used 0K [0x00000000c1e00000, 0x00000000c4770000, 0x00000000eb4b0000)
  object space 42432K, 0% used [0x00000000c1e00000,0x00000000c1e00000,0x00000000c4770000)
 PSPermGen       total 21248K, used 9782K [0x00000000bcc00000, 0x00000000be0c0000, 0x00000000c1e00000)
  object space 21248K, 46% used [0x00000000bcc00000,0x00000000bd58d9e0,0x00000000be0c0000)
Event: 0.787 GC heap after
Heap after GC invocations=1 (full 0):
 PSYoungGen      total 18560K, used 2608K [0x00000000eb4b0000, 0x00000000ed8f0000, 0x0000000100000000)
  eden space 15936K, 0% used [0x00000000eb4b0000,0x00000000eb4b0000,0x00000000ec440000)
  from space 2624K, 99% used [0x00000000ec440000,0x00000000ec6cc300,0x00000000ec6d0000)
  to   space 2624K, 0% used [0x00000000ed660000,0x00000000ed660000,0x00000000ed8f0000)
 ParOldGen       total 42432K, used 21204K [0x00000000c1e00000, 0x00000000c4770000, 0x00000000eb4b0000)
  object space 42432K, 49% used [0x00000000c1e00000,0x00000000c32b5080,0x00000000c4770000)
 PSPermGen       total 21248K, used 9782K [0x00000000bcc00000, 0x00000000be0c0000, 0x00000000c1e00000)
  object space 21248K, 46% used [0x00000000bcc00000,0x00000000bd58d9e0,0x00000000be0c0000)
}
Event: 0.973 GC heap before
{Heap before GC invocations=2 (full 0):
 PSYoungGen      total 18560K, used 12683K [0x00000000eb4b0000, 0x00000000ed8f0000, 0x0000000100000000)
  eden space 15936K, 63% used [0x00000000eb4b0000,0x00000000ebe869d8,0x00000000ec440000)
  from space 2624K, 99% used [0x00000000ec440000,0x00000000ec6cc300,0x00000000ec6d0000)
  to   space 2624K, 0% used [0x00000000ed660000,0x00000000ed660000,0x00000000ed8f0000)
 ParOldGen       total 42432K, used 21204K [0x00000000c1e00000, 0x00000000c4770000, 0x00000000eb4b0000)
  object space 42432K, 49% used [0x00000000c1e00000,0x00000000c32b5080,0x00000000c4770000)
 PSPermGen       total 21248K, used 9987K [0x00000000bcc00000, 0x00000000be0c0000, 0x00000000c1e00000)
  object space 21248K, 47% used [0x00000000bcc00000,0x00000000bd5c0eb8,0x00000000be0c0000)
Event: 0.976 GC heap after
Heap after GC invocations=2 (full 0):
 PSYoungGen      total 34496K, used 2615K [0x00000000eb4b0000, 0x00000000ed8f0000, 0x0000000100000000)
  eden space 31872K, 0% used [0x00000000eb4b0000,0x00000000eb4b0000,0x00000000ed3d0000)
  from space 2624K, 99% used [0x00000000ed660000,0x00000000ed8eddf0,0x00000000ed8f0000)
  to   space 2624K, 0% used [0x00000000ed3d0000,0x00000000ed3d0000,0x00000000ed660000)
 ParOldGen       total 42432K, used 22883K [0x00000000c1e00000, 0x00000000c4770000, 0x00000000eb4b0000)
  object space 42432K, 53% used [0x00000000c1e00000,0x00000000c3458fa0,0x00000000c4770000)
 PSPermGen       total 21248K, used 9987K [0x00000000bcc00000, 0x00000000be0c0000, 0x00000000c1e00000)
  object space 21248K, 47% used [0x00000000bcc00000,0x00000000bd5c0eb8,0x00000000be0c0000)
}
Event: 0.976 GC heap before
{Heap before GC invocations=3 (full 1):
 PSYoungGen      total 34496K, used 2615K [0x00000000eb4b0000, 0x00000000ed8f0000, 0x0000000100000000)
  eden space 31872K, 0% used [0x00000000eb4b0000,0x00000000eb4b0000,0x00000000ed3d0000)
  from space 2624K, 99% used [0x00000000ed660000,0x00000000ed8eddf0,0x00000000ed8f0000)
  to   space 2624K, 0% used [0x00000000ed3d0000,0x00000000ed3d0000,0x00000000ed660000)
 ParOldGen       total 42432K, used 22883K [0x00000000c1e00000, 0x00000000c4770000, 0x00000000eb4b0000)
  object space 42432K, 53% used [0x00000000c1e00000,0x00000000c3458fa0,0x00000000c4770000)
 PSPermGen       total 21248K, used 9987K [0x00000000bcc00000, 0x00000000be0c0000, 0x00000000c1e00000)
  object space 21248K, 47% used [0x00000000bcc00000,0x00000000bd5c0eb8,0x00000000be0c0000)
Event: 1.000 GC heap after
Heap after GC invocations=3 (full 1):
 PSYoungGen      total 34496K, used 0K [0x00000000eb4b0000, 0x00000000ed8f0000, 0x0000000100000000)
  eden space 31872K, 0% used [0x00000000eb4b0000,0x00000000eb4b0000,0x00000000ed3d0000)
  from space 2624K, 0% used [0x00000000ed660000,0x00000000ed660000,0x00000000ed8f0000)
  to   space 2624K, 0% used [0x00000000ed3d0000,0x00000000ed3d0000,0x00000000ed660000)
 ParOldGen       total 63040K, used 11415K [0x00000000c1e00000, 0x00000000c5b90000, 0x00000000eb4b0000)
  object space 63040K, 18% used [0x00000000c1e00000,0x00000000c2925eb0,0x00000000c5b90000)
 PSPermGen       total 21248K, used 9984K [0x00000000bcc00000, 0x00000000be0c0000, 0x00000000c1e00000)
  object space 21248K, 46% used [0x00000000bcc00000,0x00000000bd5c0088,0x00000000be0c0000)
}
Event: 1.420 GC heap before
{Heap before GC invocations=4 (full 1):
 PSYoungGen      total 34496K, used 31872K [0x00000000eb4b0000, 0x00000000ed8f0000, 0x0000000100000000)
  eden space 31872K, 100% used [0x00000000eb4b0000,0x00000000ed3d0000,0x00000000ed3d0000)
  from space 2624K, 0% used [0x00000000ed660000,0x00000000ed660000,0x00000000ed8f0000)
  to   space 2624K, 0% used [0x00000000ed3d0000,0x00000000ed3d0000,0x00000000ed660000)
 ParOldGen       total 63040K, used 11415K [0x00000000c1e00000, 0x00000000c5b90000, 0x00000000eb4b0000)
  object space 63040K, 18% used [0x00000000c1e00000,0x00000000c2925eb0,0x00000000c5b90000)
 PSPermGen       total 21248K, used 10027K [0x00000000bcc00000, 0x00000000be0c0000, 0x00000000c1e00000)
  object space 21248K, 47% used [0x00000000bcc00000,0x00000000bd5caf78,0x00000000be0c0000)
Event: 1.424 GC heap after
Heap after GC invocations=4 (full 1):
 PSYoungGen      total 34496K, used 160K [0x00000000eb4b0000, 0x00000000ee470000, 0x0000000100000000)
  eden space 31872K, 0% used [0x00000000eb4b0000,0x00000000eb4b0000,0x00000000ed3d0000)
  from space 2624K, 6% used [0x00000000ed3d0000,0x00000000ed3f8000,0x00000000ed660000)
  to   space 2624K, 0% used [0x00000000ee1e0000,0x00000000ee1e0000,0x00000000ee470000)
 ParOldGen       total 63040K, used 29640K [0x00000000c1e00000, 0x00000000c5b90000, 0x00000000eb4b0000)
  object space 63040K, 47% used [0x00000000c1e00000,0x00000000c3af22e0,0x00000000c5b90000)
 PSPermGen       total 21248K, used 10027K [0x00000000bcc00000, 0x00000000be0c0000, 0x00000000c1e00000)
  object space 21248K, 47% used [0x00000000bcc00000,0x00000000bd5caf78,0x00000000be0c0000)
}
Event: 1.910 GC heap before
{Heap before GC invocations=5 (full 1):
 PSYoungGen      total 34496K, used 32032K [0x00000000eb4b0000, 0x00000000ee470000, 0x0000000100000000)
  eden space 31872K, 100% used [0x00000000eb4b0000,0x00000000ed3d0000,0x00000000ed3d0000)
  from space 2624K, 6% used [0x00000000ed3d0000,0x00000000ed3f8000,0x00000000ed660000)
  to   space 2624K, 0% used [0x00000000ee1e0000,0x00000000ee1e0000,0x00000000ee470000)
 ParOldGen       total 63040K, used 29640K [0x00000000c1e00000, 0x00000000c5b90000, 0x00000000eb4b0000)
  object space 63040K, 47% used [0x00000000c1e00000,0x00000000c3af22e0,0x00000000c5b90000)
 PSPermGen       total 21248K, used 10027K [0x00000000bcc00000, 0x00000000be0c0000, 0x00000000c1e00000)
  object space 21248K, 47% used [0x00000000bcc00000,0x00000000bd5caf78,0x00000000be0c0000)
Event: 1.911 GC heap after
Heap after GC invocations=5 (full 1):
 PSYoungGen      total 42432K, used 96K [0x00000000eb4b0000, 0x00000000ee290000, 0x0000000100000000)
  eden space 41728K, 0% used [0x00000000eb4b0000,0x00000000eb4b0000,0x00000000edd70000)
  from space 704K, 13% used [0x00000000ee1e0000,0x00000000ee1f8000,0x00000000ee290000)
  to   space 2624K, 0% used [0x00000000edd70000,0x00000000edd70000,0x00000000ee000000)
 ParOldGen       total 63040K, used 29640K [0x00000000c1e00000, 0x00000000c5b90000, 0x00000000eb4b0000)
  object space 63040K, 47% used [0x00000000c1e00000,0x00000000c3af22e0,0x00000000c5b90000)
 PSPermGen       total 21248K, used 10027K [0x00000000bcc00000, 0x00000000be0c0000, 0x00000000c1e00000)
  object space 21248K, 47% used [0x00000000bcc00000,0x00000000bd5caf78,0x00000000be0c0000)
}

Deoptimization events (2 events):
Event: 3.792 Thread 0x000000000ab37000 Uncommon trap -34 fr.pc 0x0000000002e6f7c4
Event: 3.792 Thread 0x000000000ab37000 Uncommon trap -34 fr.pc 0x0000000002e6f7c4

Internal exceptions (10 events):
Event: 1.322 Thread 0x0000000002ced800 Threw 0x00000000ecd552d8 at C:\jdk7u2_64p\jdk7u25\hotspot\src\share\vm\prims\jni.cpp:742
Event: 2.152 Thread 0x000000000ab37000 Threw 0x00000000ec33d8b0 at C:\jdk7u2_64p\jdk7u25\hotspot\src\share\vm\prims\jvm.cpp:1235
Event: 2.176 Thread 0x000000000ab37000 Threw 0x00000000ec356f20 at C:\jdk7u2_64p\jdk7u25\hotspot\src\share\vm\prims\jvm.cpp:1235
Event: 2.177 Thread 0x000000000ab37000 Threw 0x00000000ec35a598 at C:\jdk7u2_64p\jdk7u25\hotspot\src\share\vm\prims\jvm.cpp:1235
Event: 2.178 Thread 0x000000000ab37000 Threw 0x00000000ec3615d0 at C:\jdk7u2_64p\jdk7u25\hotspot\src\share\vm\prims\jvm.cpp:1235
Event: 2.194 Thread 0x000000000ab37000 Threw 0x00000000ec393918 at C:\jdk7u2_64p\jdk7u25\hotspot\src\share\vm\prims\jvm.cpp:1235
Event: 2.195 Thread 0x000000000ab37000 Threw 0x00000000ec395aa0 at C:\jdk7u2_64p\jdk7u25\hotspot\src\share\vm\prims\jvm.cpp:1235
Event: 2.196 Thread 0x000000000ab37000 Threw 0x00000000ec398288 at C:\jdk7u2_64p\jdk7u25\hotspot\src\share\vm\prims\jvm.cpp:1235
Event: 11.199 Thread 0x000000000be69800 Threw 0x00000000ed258478 at C:\jdk7u2_64p\jdk7u25\hotspot\src\share\vm\prims\jni.cpp:716
Event: 11.223 Thread 0x000000000be69800 Threw 0x00000000ed25ec50 at C:\jdk7u2_64p\jdk7u25\hotspot\src\share\vm\prims\jni.cpp:716

Events (10 events):
Event: 11.224 loading class 0x000000000abe1e40 done
Event: 11.224 loading class 0x00000000090abab0
Event: 11.224 loading class 0x00000000090abab0 done
Event: 11.224 loading class 0x00000000090aba60
Event: 11.224 loading class 0x00000000090aab60
Event: 11.224 loading class 0x00000000090aab60 done
Event: 11.224 loading class 0x00000000090aba60 done
Event: 11.229 Thread 0x000000000ab11800 Thread exited: 0x000000000ab11800
Event: 11.234 loading class 0x000000000abe9200
Event: 11.234 loading class 0x000000000abe9200 done


Dynamic libraries:
0x000007f78e7d0000 - 0x000007f78e803000 	C:\Windows\system32\java.exe
0x000007fd28ce0000 - 0x000007fd28ea0000 	C:\Windows\SYSTEM32\ntdll.dll
0x000007fd28860000 - 0x000007fd28996000 	C:\Windows\system32\KERNEL32.DLL
0x000007fd25ca0000 - 0x000007fd25d93000 	C:\Windows\system32\KERNELBASE.dll
0x000007fd26290000 - 0x000007fd2636e000 	C:\Windows\system32\ADVAPI32.dll
0x000007fd284f0000 - 0x000007fd2863c000 	C:\Windows\system32\USER32.dll
0x000007fd23af0000 - 0x000007fd23d5a000 	C:\Windows\WinSxS\amd64_microsoft.windows.common-controls_6595b64144ccf1df_6.0.9200.16579_none_418ab7ef718b27ef\COMCTL32.dll
0x000007fd28c00000 - 0x000007fd28ca5000 	C:\Windows\system32\msvcrt.dll
0x000007fd281e0000 - 0x000007fd28228000 	C:\Windows\SYSTEM32\sechost.dll
0x000007fd26940000 - 0x000007fd26a80000 	C:\Windows\system32\RPCRT4.dll
0x000007fd260e0000 - 0x000007fd26221000 	C:\Windows\system32\GDI32.dll
0x000007fd28650000 - 0x000007fd28689000 	C:\Windows\system32\IMM32.DLL
0x000007fd28740000 - 0x000007fd28855000 	C:\Windows\system32\MSCTF.dll
0x00000000564f0000 - 0x00000000565c1000 	C:\Program Files\Java\jre7\bin\msvcr100.dll
0x0000000055de0000 - 0x00000000564ef000 	C:\Program Files\Java\jre7\bin\server\jvm.dll
0x000007fd1e6a0000 - 0x000007fd1e6a9000 	C:\Windows\system32\WSOCK32.dll
0x000007fd1f300000 - 0x000007fd1f320000 	C:\Windows\system32\WINMM.dll
0x000007fd28730000 - 0x000007fd28737000 	C:\Windows\system32\PSAPI.DLL
0x000007fd28000000 - 0x000007fd28058000 	C:\Windows\system32\WS2_32.dll
0x000007fd1f2c0000 - 0x000007fd1f2f2000 	C:\Windows\system32\WINMMBASE.dll
0x000007fd28640000 - 0x000007fd28649000 	C:\Windows\system32\NSI.dll
0x0000000055dd0000 - 0x0000000055ddf000 	C:\Program Files\Java\jre7\bin\verify.dll
0x0000000055da0000 - 0x0000000055dc8000 	C:\Program Files\Java\jre7\bin\java.dll
0x0000000055d50000 - 0x0000000055d65000 	C:\Program Files\Java\jre7\bin\zip.dll
0x0000000057180000 - 0x0000000057315000 	C:\Program Files\Java\jre7\bin\awt.dll
0x000007fd28420000 - 0x000007fd284e3000 	C:\Windows\system32\OLEAUT32.dll
0x000007fd289a0000 - 0x000007fd28b50000 	C:\Windows\system32\combase.dll
0x000007fd20700000 - 0x000007fd2079f000 	C:\Windows\system32\apphelp.dll
0x000007fd24150000 - 0x000007fd24171000 	C:\Windows\system32\DWMAPI.DLL
0x000007fd24a30000 - 0x000007fd24b16000 	C:\Windows\system32\uxtheme.dll
0x000007fd28060000 - 0x000007fd281de000 	C:\Windows\system32\ole32.dll
0x000007fd259e0000 - 0x000007fd259ea000 	C:\Windows\system32\CRYPTBASE.dll
0x000007fd25980000 - 0x000007fd259dc000 	C:\Windows\system32\bcryptPrimitives.dll
0x000007fd26d20000 - 0x000007fd28000000 	C:\Windows\system32\SHELL32.dll
0x000007fd28230000 - 0x000007fd28280000 	C:\Windows\system32\SHLWAPI.dll
0x000007fd24340000 - 0x000007fd243d6000 	C:\Windows\SYSTEM32\shcore.dll
0x0000000057140000 - 0x000000005717f000 	C:\Program Files\Java\jre7\bin\fontmanager.dll
0x0000000055d30000 - 0x0000000055d49000 	C:\Program Files\Java\jre7\bin\net.dll
0x000007fd253f0000 - 0x000007fd2544c000 	C:\Windows\system32\mswsock.dll
0x0000000055d10000 - 0x0000000055d21000 	C:\Program Files\Java\jre7\bin\nio.dll
0x00000000570f0000 - 0x0000000057131000 	C:\Program Files\Java\jre7\bin\t2k.dll
0x000007fd28690000 - 0x000007fd28726000 	C:\Windows\SYSTEM32\clbcatq.dll
0x000007fd20ed0000 - 0x000007fd2102a000 	C:\Windows\SYSTEM32\PROPSYS.dll
0x000007fd25ba0000 - 0x000007fd25bb5000 	C:\Windows\SYSTEM32\profapi.dll
0x000007fd20ea0000 - 0x000007fd20ece000 	C:\Windows\SYSTEM32\ntmarta.dll
0x000007fd25230000 - 0x000007fd252c8000 	C:\Windows\system32\DNSAPI.dll
0x000007fd1e200000 - 0x000007fd1e208000 	C:\Windows\System32\rasadhlp.dll
0x000007fd22940000 - 0x000007fd2299f000 	C:\Windows\System32\fwpuclnt.dll
0x000007fd25450000 - 0x000007fd2546a000 	C:\Windows\system32\CRYPTSP.dll
0x000007fd250d0000 - 0x000007fd2511b000 	C:\Windows\system32\rsaenh.dll
0x000007fd251d0000 - 0x000007fd251ef000 	C:\Windows\system32\USERENV.dll
0x000007fd1cdc0000 - 0x000007fd1cdd4000 	C:\Windows\system32\napinsp.dll
0x000007fd1ce20000 - 0x000007fd1ce38000 	C:\Windows\system32\pnrpnsp.dll
0x000007fd23d60000 - 0x000007fd23d76000 	C:\Windows\system32\NLAapi.dll
0x000007fd1ce40000 - 0x000007fd1ce52000 	C:\Windows\System32\winrnr.dll
0x000007fd1d540000 - 0x000007fd1d554000 	C:\Windows\system32\wshbth.dll
0x000007fd22f70000 - 0x000007fd22f9c000 	C:\Windows\system32\IPHLPAPI.DLL
0x000007fd22c90000 - 0x000007fd22c9a000 	C:\Windows\system32\WINNSI.DLL
0x00000000570c0000 - 0x00000000570f0000 	C:\Program Files\Java\jre7\bin\jpeg.dll
0x0000000057080000 - 0x00000000570b9000 	C:\Program Files\Java\jre7\bin\kcms.dll
0x000007fd232e0000 - 0x000007fd23473000 	C:\Windows\system32\WindowsCodecs.dll
0x000007fd17610000 - 0x000007fd17625000 	C:\Program Files\Orchis\lib\quims.dll
0x0000000057050000 - 0x000000005707a000 	C:\Program Files\Java\jre7\bin\dcpr.dll

VM Arguments:
java_command: Client
Launcher Type: SUN_STANDARD

Environment Variables:
JAVA_HOME=C:\Program Files\Java\jdk1.7.0_25
CLASSPATH=;C\Program Files\Java
PATH=C:\Program Files (x86)\Intel\iCLS Client\;C:\Program Files\Intel\iCLS Client\;C:\Windows\system32;C:\Windows;C:\Windows\System32\Wbem;C:\Windows\System32\WindowsPowerShell\v1.0\;C:\Program Files (x86)\Intel\OpenCL SDK\2.0\bin\x86;C:\Program Files (x86)\Intel\OpenCL SDK\2.0\bin\x64;C:\Program Files\Intel\Intel(R) Management Engine Components\DAL;C:\Program Files\Intel\Intel(R) Management Engine Components\IPT;C:\Program Files (x86)\Intel\Intel(R) Management Engine Components\DAL;C:\Program Files (x86)\Intel\Intel(R) Management Engine Components\IPT;C:\Program Files\Intel\WiFi\bin\;C:\Program Files\Common Files\Intel\WirelessCommon\;C:\Program Files\Sony\VAIO Improvement\;C:\Program Files (x86)\Sony\VAIO Startup Setting Tool;;C:\Program Files\Java\jdk1.7.0_25\bin
USERNAME=‚í‚ñ‚í‚ñ‚¨‚¾‚¨
OS=Windows_NT
PROCESSOR_IDENTIFIER=Intel64 Family 6 Model 58 Stepping 9, GenuineIntel



---------------  S Y S T E M  ---------------

OS: Windows 8 , 64 bit Build 9200 

CPU:total 4 (2 cores per cpu, 2 threads per core) family 6 model 58 stepping 9, cmov, cx8, fxsr, mmx, sse, sse2, sse3, ssse3, sse4.1, sse4.2, popcnt, avx, ht, tsc, tscinvbit, tscinv

Memory: 4k page, physical 4070676k(1790520k free), swap 7740692k(3220392k free)

vm_info: Java HotSpot(TM) 64-Bit Server VM (23.25-b01) for windows-amd64 JRE (1.7.0_25-b17), built on Jun 21 2013 12:58:32 by "java_re" with unknown MS VC++:1600

time: Sun Jun 30 18:39:44 2013
elapsed time: 11 seconds

