#
# A fatal error has been detected by the Java Runtime Environment:
#
#  Internal Error (os_windows_x86.cpp:149), pid=8460, tid=7036
#  guarantee(result == EXCEPTION_CONTINUE_EXECUTION) failed: Unexpected result from topLevelExceptionFilter
#
# JRE version: 7.0_25-b17
# Java VM: Java HotSpot(TM) 64-Bit Server VM (23.25-b01 mixed mode windows-amd64 compressed oops)
# Failed to write core dump. Minidumps are not enabled by default on client versions of Windows
#
# If you would like to submit a bug report, please visit:
#   http://bugreport.sun.com/bugreport/crash.jsp
# The crash happened outside the Java Virtual Machine in native code.
# See problematic frame for where to report the bug.
#

---------------  T H R E A D  ---------------

Current thread (0x000000000b939800):  JavaThread "Thread-4" [_thread_in_native, id=7036, stack(0x000000000c620000,0x000000000c720000)]

Stack: [0x000000000c620000,0x000000000c720000]
Java frames: (J=compiled Java code, j=interpreted, Vv=VM code)
j  sun.font.T2KFontScaler.getGlyphImageNative(Lsun/font/Font2D;JJI)J+0
j  sun.font.T2KFontScaler.getGlyphImage(JI)J+26
j  sun.font.FileFont.getGlyphImage(JI)J+6
j  sun.font.FileFontStrike.getGlyphImagePtrs([I[JI)V+86
j  sun.font.GlyphList.mapChars(Lsun/java2d/loops/FontInfo;I)Z+37
j  sun.font.GlyphList.setFromString(Lsun/java2d/loops/FontInfo;Ljava/lang/String;FF)Z+71
j  sun.java2d.pipe.GlyphListPipe.drawString(Lsun/java2d/SunGraphics2D;Ljava/lang/String;DD)V+148
j  sun.java2d.SunGraphics2D.drawString(Ljava/lang/String;II)V+68
j  GamePanel.render()V+194
j  GamePanel.run()V+95
j  java.lang.Thread.run()V+11
v  ~StubRoutines::call_stub

---------------  P R O C E S S  ---------------

Java Threads: ( => current thread )
  0x000000000b951000 JavaThread "Thread-0" daemon [_thread_in_native, id=7864, stack(0x000000000df00000,0x000000000e000000)]
  0x000000000baaa800 JavaThread "Thread-5" [_thread_in_native, id=9068, stack(0x000000000c820000,0x000000000c920000)]
=>0x000000000b939800 JavaThread "Thread-4" [_thread_in_native, id=7036, stack(0x000000000c620000,0x000000000c720000)]
  0x000000000b9a2800 JavaThread "Java Sound Event Dispatcher" daemon [_thread_blocked, id=6640, stack(0x000000000c520000,0x000000000c620000)]
  0x000000000b936000 JavaThread "TimerQueue" daemon [_thread_blocked, id=7988, stack(0x000000000c220000,0x000000000c320000)]
  0x000000000230d800 JavaThread "DestroyJavaVM" [_thread_blocked, id=3448, stack(0x0000000002160000,0x0000000002260000)]
  0x000000000a2d5000 JavaThread "AWT-EventQueue-0" [_thread_blocked, id=1972, stack(0x000000000b210000,0x000000000b310000)]
  0x000000000a201000 JavaThread "AWT-Shutdown" [_thread_blocked, id=2580, stack(0x000000000ac00000,0x000000000ad00000)]
  0x000000000a200800 JavaThread "Java2D Disposer" daemon [_thread_blocked, id=7936, stack(0x000000000ab00000,0x000000000ac00000)]
  0x00000000087af800 JavaThread "Service Thread" daemon [_thread_blocked, id=2684, stack(0x0000000009f40000,0x000000000a040000)]
  0x00000000087a9000 JavaThread "C2 CompilerThread1" daemon [_thread_blocked, id=6924, stack(0x0000000009e40000,0x0000000009f40000)]
  0x00000000087a3800 JavaThread "C2 CompilerThread0" daemon [_thread_blocked, id=6360, stack(0x0000000009d40000,0x0000000009e40000)]
  0x00000000087a2800 JavaThread "Attach Listener" daemon [_thread_blocked, id=4776, stack(0x0000000009c40000,0x0000000009d40000)]
  0x000000000879f000 JavaThread "Signal Dispatcher" daemon [_thread_blocked, id=7076, stack(0x0000000009b40000,0x0000000009c40000)]
  0x0000000008726800 JavaThread "Finalizer" daemon [_thread_blocked, id=7524, stack(0x0000000009a40000,0x0000000009b40000)]
  0x000000000871d800 JavaThread "Reference Handler" daemon [_thread_blocked, id=7808, stack(0x0000000009940000,0x0000000009a40000)]

Other Threads:
  0x0000000008715000 VMThread [stack: 0x0000000009840000,0x0000000009940000] [id=8980]
  0x00000000087c6800 WatcherThread [stack: 0x000000000a040000,0x000000000a140000] [id=7416]

VM state:not at safepoint (normal execution)

VM Mutex/Monitor currently owned by a thread: None

Heap
 PSYoungGen      total 18560K, used 7318K [0x00000000eb4b0000, 0x00000000ed1a0000, 0x0000000100000000)
  eden space 15936K, 34% used [0x00000000eb4b0000,0x00000000eba0b588,0x00000000ec440000)
  from space 2624K, 69% used [0x00000000ec440000,0x00000000ec60a278,0x00000000ec6d0000)
  to   space 2624K, 0% used [0x00000000ecf10000,0x00000000ecf10000,0x00000000ed1a0000)
 ParOldGen       total 60928K, used 21343K [0x00000000c1e00000, 0x00000000c5980000, 0x00000000eb4b0000)
  object space 60928K, 35% used [0x00000000c1e00000,0x00000000c32d7f90,0x00000000c5980000)
 PSPermGen       total 21248K, used 12465K [0x00000000bcc00000, 0x00000000be0c0000, 0x00000000c1e00000)
  object space 21248K, 58% used [0x00000000bcc00000,0x00000000bd82c670,0x00000000be0c0000)

Card table byte_map: [0x00000000054d0000,0x00000000056f0000] byte_map_base: 0x0000000004eea000

Polling page: 0x0000000001e10000

Code Cache  [0x0000000002410000, 0x0000000002680000, 0x0000000005410000)
 total_blobs=522 nmethods=69 adapters=404 free_code_cache=48425Kb largest_free_block=49564672

Compilation events (10 events):
Event: 7.899 Thread 0x00000000087a3800   63             java.util.HashMap::hash (59 bytes)
Event: 7.901 Thread 0x00000000087a3800 nmethod 63 0x00000000024be050 code [0x00000000024be1a0, 0x00000000024be2c8]
Event: 8.773 Thread 0x00000000087a9000   64             java.util.ArrayList::size (5 bytes)
Event: 8.773 Thread 0x00000000087a9000 nmethod 64 0x00000000024bd6d0 code [0x00000000024bd800, 0x00000000024bd858]
Event: 8.881 Thread 0x00000000087a3800   65             java.lang.Math::min (11 bytes)
Event: 8.882 Thread 0x00000000087a3800 nmethod 65 0x00000000024bd4d0 code [0x00000000024bd600, 0x00000000024bd658]
Event: 9.377 Thread 0x00000000087a9000   66             java.awt.image.Raster::getWidth (5 bytes)
Event: 9.377 Thread 0x00000000087a9000 nmethod 66 0x00000000024bd2d0 code [0x00000000024bd400, 0x00000000024bd458]
Event: 9.760 Thread 0x00000000087a3800   67             java.awt.image.Raster::getHeight (5 bytes)
Event: 9.760 Thread 0x00000000087a3800 nmethod 67 0x00000000024bd0d0 code [0x00000000024bd200, 0x00000000024bd258]

GC Heap History (8 events):
Event: 0.910 GC heap before
{Heap before GC invocations=1 (full 0):
 PSYoungGen      total 18560K, used 15936K [0x00000000eb4b0000, 0x00000000ec960000, 0x0000000100000000)
  eden space 15936K, 100% used [0x00000000eb4b0000,0x00000000ec440000,0x00000000ec440000)
  from space 2624K, 0% used [0x00000000ec6d0000,0x00000000ec6d0000,0x00000000ec960000)
  to   space 2624K, 0% used [0x00000000ec440000,0x00000000ec440000,0x00000000ec6d0000)
 ParOldGen       total 42432K, used 0K [0x00000000c1e00000, 0x00000000c4770000, 0x00000000eb4b0000)
  object space 42432K, 0% used [0x00000000c1e00000,0x00000000c1e00000,0x00000000c4770000)
 PSPermGen       total 21248K, used 9798K [0x00000000bcc00000, 0x00000000be0c0000, 0x00000000c1e00000)
  object space 21248K, 46% used [0x00000000bcc00000,0x00000000bd591b20,0x00000000be0c0000)
Event: 0.918 GC heap after
Heap after GC invocations=1 (full 0):
 PSYoungGen      total 18560K, used 2605K [0x00000000eb4b0000, 0x00000000ec960000, 0x0000000100000000)
  eden space 15936K, 0% used [0x00000000eb4b0000,0x00000000eb4b0000,0x00000000ec440000)
  from space 2624K, 99% used [0x00000000ec440000,0x00000000ec6cb408,0x00000000ec6d0000)
  to   space 2624K, 0% used [0x00000000ec6d0000,0x00000000ec6d0000,0x00000000ec960000)
 ParOldGen       total 42432K, used 21119K [0x00000000c1e00000, 0x00000000c4770000, 0x00000000eb4b0000)
  object space 42432K, 49% used [0x00000000c1e00000,0x00000000c329ffc0,0x00000000c4770000)
 PSPermGen       total 21248K, used 9798K [0x00000000bcc00000, 0x00000000be0c0000, 0x00000000c1e00000)
  object space 21248K, 46% used [0x00000000bcc00000,0x00000000bd591b20,0x00000000be0c0000)
}
Event: 1.053 GC heap before
{Heap before GC invocations=2 (full 0):
 PSYoungGen      total 18560K, used 18541K [0x00000000eb4b0000, 0x00000000ec960000, 0x0000000100000000)
  eden space 15936K, 100% used [0x00000000eb4b0000,0x00000000ec440000,0x00000000ec440000)
  from space 2624K, 99% used [0x00000000ec440000,0x00000000ec6cb408,0x00000000ec6d0000)
  to   space 2624K, 0% used [0x00000000ec6d0000,0x00000000ec6d0000,0x00000000ec960000)
 ParOldGen       total 42432K, used 21119K [0x00000000c1e00000, 0x00000000c4770000, 0x00000000eb4b0000)
  object space 42432K, 49% used [0x00000000c1e00000,0x00000000c329ffc0,0x00000000c4770000)
 PSPermGen       total 21248K, used 9947K [0x00000000bcc00000, 0x00000000be0c0000, 0x00000000c1e00000)
  object space 21248K, 46% used [0x00000000bcc00000,0x00000000bd5b6d60,0x00000000be0c0000)
Event: 1.061 GC heap after
Heap after GC invocations=2 (full 0):
 PSYoungGen      total 18560K, used 2623K [0x00000000eb4b0000, 0x00000000ed8f0000, 0x0000000100000000)
  eden space 15936K, 0% used [0x00000000eb4b0000,0x00000000eb4b0000,0x00000000ec440000)
  from space 2624K, 99% used [0x00000000ec6d0000,0x00000000ec95fc40,0x00000000ec960000)
  to   space 2624K, 0% used [0x00000000ec440000,0x00000000ec440000,0x00000000ec6d0000)
 ParOldGen       total 42432K, used 42278K [0x00000000c1e00000, 0x00000000c4770000, 0x00000000eb4b0000)
  object space 42432K, 99% used [0x00000000c1e00000,0x00000000c4749b20,0x00000000c4770000)
 PSPermGen       total 21248K, used 9947K [0x00000000bcc00000, 0x00000000be0c0000, 0x00000000c1e00000)
  object space 21248K, 46% used [0x00000000bcc00000,0x00000000bd5b6d60,0x00000000be0c0000)
}
Event: 1.061 GC heap before
{Heap before GC invocations=3 (full 1):
 PSYoungGen      total 18560K, used 2623K [0x00000000eb4b0000, 0x00000000ed8f0000, 0x0000000100000000)
  eden space 15936K, 0% used [0x00000000eb4b0000,0x00000000eb4b0000,0x00000000ec440000)
  from space 2624K, 99% used [0x00000000ec6d0000,0x00000000ec95fc40,0x00000000ec960000)
  to   space 2624K, 0% used [0x00000000ec440000,0x00000000ec440000,0x00000000ec6d0000)
 ParOldGen       total 42432K, used 42278K [0x00000000c1e00000, 0x00000000c4770000, 0x00000000eb4b0000)
  object space 42432K, 99% used [0x00000000c1e00000,0x00000000c4749b20,0x00000000c4770000)
 PSPermGen       total 21248K, used 9947K [0x00000000bcc00000, 0x00000000be0c0000, 0x00000000c1e00000)
  object space 21248K, 46% used [0x00000000bcc00000,0x00000000bd5b6d60,0x00000000be0c0000)
Event: 1.082 GC heap after
Heap after GC invocations=3 (full 1):
 PSYoungGen      total 18560K, used 0K [0x00000000eb4b0000, 0x00000000ed8f0000, 0x0000000100000000)
  eden space 15936K, 0% used [0x00000000eb4b0000,0x00000000eb4b0000,0x00000000ec440000)
  from space 2624K, 0% used [0x00000000ec6d0000,0x00000000ec6d0000,0x00000000ec960000)
  to   space 2624K, 0% used [0x00000000ec440000,0x00000000ec440000,0x00000000ec6d0000)
 ParOldGen       total 60928K, used 17743K [0x00000000c1e00000, 0x00000000c5980000, 0x00000000eb4b0000)
  object space 60928K, 29% used [0x00000000c1e00000,0x00000000c2f53f80,0x00000000c5980000)
 PSPermGen       total 21248K, used 9943K [0x00000000bcc00000, 0x00000000be0c0000, 0x00000000c1e00000)
  object space 21248K, 46% used [0x00000000bcc00000,0x00000000bd5b5f30,0x00000000be0c0000)
}
Event: 6.820 GC heap before
{Heap before GC invocations=4 (full 1):
 PSYoungGen      total 18560K, used 15871K [0x00000000eb4b0000, 0x00000000ed8f0000, 0x0000000100000000)
  eden space 15936K, 99% used [0x00000000eb4b0000,0x00000000ec42fd60,0x00000000ec440000)
  from space 2624K, 0% used [0x00000000ec6d0000,0x00000000ec6d0000,0x00000000ec960000)
  to   space 2624K, 0% used [0x00000000ec440000,0x00000000ec440000,0x00000000ec6d0000)
 ParOldGen       total 60928K, used 17743K [0x00000000c1e00000, 0x00000000c5980000, 0x00000000eb4b0000)
  object space 60928K, 29% used [0x00000000c1e00000,0x00000000c2f53f80,0x00000000c5980000)
 PSPermGen       total 21248K, used 12402K [0x00000000bcc00000, 0x00000000be0c0000, 0x00000000c1e00000)
  object space 21248K, 58% used [0x00000000bcc00000,0x00000000bd81cbe8,0x00000000be0c0000)
Event: 6.823 GC heap after
Heap after GC invocations=4 (full 1):
 PSYoungGen      total 18560K, used 1832K [0x00000000eb4b0000, 0x00000000ed1a0000, 0x0000000100000000)
  eden space 15936K, 0% used [0x00000000eb4b0000,0x00000000eb4b0000,0x00000000ec440000)
  from space 2624K, 69% used [0x00000000ec440000,0x00000000ec60a278,0x00000000ec6d0000)
  to   space 2624K, 0% used [0x00000000ecf10000,0x00000000ecf10000,0x00000000ed1a0000)
 ParOldGen       total 60928K, used 21343K [0x00000000c1e00000, 0x00000000c5980000, 0x00000000eb4b0000)
  object space 60928K, 35% used [0x00000000c1e00000,0x00000000c32d7f90,0x00000000c5980000)
 PSPermGen       total 21248K, used 12402K [0x00000000bcc00000, 0x00000000be0c0000, 0x00000000c1e00000)
  object space 21248K, 58% used [0x00000000bcc00000,0x00000000bd81cbe8,0x00000000be0c0000)
}

Deoptimization events (2 events):
Event: 2.991 Thread 0x000000000a2d5000 Uncommon trap -34 fr.pc 0x0000000002490304
Event: 2.991 Thread 0x000000000a2d5000 Uncommon trap -34 fr.pc 0x0000000002490304

Internal exceptions (10 events):
Event: 6.328 Thread 0x000000000a2d5000 Threw 0x00000000ec26ee00 at C:\jdk7u2_64p\jdk7u25\hotspot\src\share\vm\prims\jvm.cpp:1235
Event: 6.336 Thread 0x000000000a2d5000 Threw 0x00000000ec2b26f8 at C:\jdk7u2_64p\jdk7u25\hotspot\src\share\vm\prims\jvm.cpp:1235
Event: 6.336 Thread 0x000000000a2d5000 Threw 0x00000000ec2b4e08 at C:\jdk7u2_64p\jdk7u25\hotspot\src\share\vm\prims\jvm.cpp:1235
Event: 6.337 Thread 0x000000000a2d5000 Threw 0x00000000ec2bcbb8 at C:\jdk7u2_64p\jdk7u25\hotspot\src\share\vm\prims\jvm.cpp:1235
Event: 6.337 Thread 0x000000000a2d5000 Threw 0x00000000ec2bf1d8 at C:\jdk7u2_64p\jdk7u25\hotspot\src\share\vm\prims\jvm.cpp:1235
Event: 6.337 Thread 0x000000000a2d5000 Threw 0x00000000ec2e1958 at C:\jdk7u2_64p\jdk7u25\hotspot\src\share\vm\prims\jvm.cpp:1235
Event: 6.338 Thread 0x000000000a2d5000 Threw 0x00000000ec2e3f68 at C:\jdk7u2_64p\jdk7u25\hotspot\src\share\vm\prims\jvm.cpp:1235
Event: 6.338 Thread 0x000000000a2d5000 Threw 0x00000000ec2e6580 at C:\jdk7u2_64p\jdk7u25\hotspot\src\share\vm\prims\jvm.cpp:1235
Event: 9.821 Thread 0x000000000b939800 Threw 0x00000000eb9c01e0 at C:\jdk7u2_64p\jdk7u25\hotspot\src\share\vm\prims\jni.cpp:716
Event: 9.824 Thread 0x000000000b939800 Threw 0x00000000eb9c69b8 at C:\jdk7u2_64p\jdk7u25\hotspot\src\share\vm\prims\jni.cpp:716

Events (10 events):
Event: 9.824 loading class 0x000000000a2be1e0
Event: 9.824 loading class 0x000000000a2be1e0 done
Event: 9.824 loading class 0x000000000878b3d0
Event: 9.825 loading class 0x000000000878b3d0 done
Event: 9.825 loading class 0x000000000878aca0
Event: 9.825 loading class 0x000000000878b290
Event: 9.825 loading class 0x000000000878b290 done
Event: 9.825 loading class 0x000000000878aca0 done
Event: 9.858 loading class 0x000000000a2e5f00
Event: 9.858 loading class 0x000000000a2e5f00 done


Dynamic libraries:
0x000007f601c20000 - 0x000007f601c53000 	C:\Windows\system32\java.exe
0x000007f86c910000 - 0x000007f86cad0000 	C:\Windows\SYSTEM32\ntdll.dll
0x000007f86ac40000 - 0x000007f86ad76000 	C:\Windows\system32\KERNEL32.DLL
0x000007f869b60000 - 0x000007f869c53000 	C:\Windows\system32\KERNELBASE.dll
0x000007f86b2d0000 - 0x000007f86b3ae000 	C:\Windows\system32\ADVAPI32.dll
0x000007f86ad80000 - 0x000007f86aecc000 	C:\Windows\system32\USER32.dll
0x000007f867740000 - 0x000007f8679aa000 	C:\Windows\WinSxS\amd64_microsoft.windows.common-controls_6595b64144ccf1df_6.0.9200.16579_none_418ab7ef718b27ef\COMCTL32.dll
0x000007f86ab90000 - 0x000007f86ac35000 	C:\Windows\system32\msvcrt.dll
0x000007f86ab30000 - 0x000007f86ab78000 	C:\Windows\SYSTEM32\sechost.dll
0x000007f86b140000 - 0x000007f86b280000 	C:\Windows\system32\RPCRT4.dll
0x000007f86aed0000 - 0x000007f86b011000 	C:\Windows\system32\GDI32.dll
0x000007f86b280000 - 0x000007f86b2b9000 	C:\Windows\system32\IMM32.DLL
0x000007f86b020000 - 0x000007f86b135000 	C:\Windows\system32\MSCTF.dll
0x00000000578e0000 - 0x00000000579b1000 	C:\Program Files\Java\jre7\bin\msvcr100.dll
0x00000000571d0000 - 0x00000000578df000 	C:\Program Files\Java\jre7\bin\server\jvm.dll
0x000007f863e40000 - 0x000007f863e49000 	C:\Windows\system32\WSOCK32.dll
0x000007f862ba0000 - 0x000007f862bc0000 	C:\Windows\system32\WINMM.dll
0x000007f86ab80000 - 0x000007f86ab87000 	C:\Windows\system32\PSAPI.DLL
0x000007f869f00000 - 0x000007f869f58000 	C:\Windows\system32\WS2_32.dll
0x000007f862b30000 - 0x000007f862b62000 	C:\Windows\system32\WINMMBASE.dll
0x000007f86a830000 - 0x000007f86a839000 	C:\Windows\system32\NSI.dll
0x00000000571c0000 - 0x00000000571cf000 	C:\Program Files\Java\jre7\bin\verify.dll
0x0000000057190000 - 0x00000000571b8000 	C:\Program Files\Java\jre7\bin\java.dll
0x0000000057140000 - 0x0000000057155000 	C:\Program Files\Java\jre7\bin\zip.dll
0x0000000056ee0000 - 0x0000000057075000 	C:\Program Files\Java\jre7\bin\awt.dll
0x000007f86a8b0000 - 0x000007f86a973000 	C:\Windows\system32\OLEAUT32.dll
0x000007f86a980000 - 0x000007f86ab30000 	C:\Windows\system32\combase.dll
0x000007f863f20000 - 0x000007f863fbf000 	C:\Windows\system32\apphelp.dll
0x000007f867d70000 - 0x000007f867d91000 	C:\Windows\system32\DWMAPI.DLL
0x000007f868660000 - 0x000007f868746000 	C:\Windows\system32\uxtheme.dll
0x000007f869d70000 - 0x000007f869eee000 	C:\Windows\system32\ole32.dll
0x000007f869610000 - 0x000007f86961a000 	C:\Windows\system32\CRYPTBASE.dll
0x000007f8695b0000 - 0x000007f86960c000 	C:\Windows\system32\bcryptPrimitives.dll
0x000007f86b580000 - 0x000007f86c860000 	C:\Windows\system32\SHELL32.dll
0x000007f86a840000 - 0x000007f86a890000 	C:\Windows\system32\SHLWAPI.dll
0x000007f867f70000 - 0x000007f868006000 	C:\Windows\SYSTEM32\shcore.dll
0x0000000056ea0000 - 0x0000000056edf000 	C:\Program Files\Java\jre7\bin\fontmanager.dll
0x0000000057120000 - 0x0000000057139000 	C:\Program Files\Java\jre7\bin\net.dll
0x000007f869020000 - 0x000007f86907c000 	C:\Windows\system32\mswsock.dll
0x0000000057100000 - 0x0000000057111000 	C:\Program Files\Java\jre7\bin\nio.dll
0x0000000056e50000 - 0x0000000056e91000 	C:\Program Files\Java\jre7\bin\t2k.dll
0x000007f86a560000 - 0x000007f86a5f6000 	C:\Windows\SYSTEM32\clbcatq.dll
0x000007f864720000 - 0x000007f86487a000 	C:\Windows\SYSTEM32\PROPSYS.dll
0x000007f8697d0000 - 0x000007f8697e5000 	C:\Windows\SYSTEM32\profapi.dll
0x000007f8648f0000 - 0x000007f86491e000 	C:\Windows\SYSTEM32\ntmarta.dll
0x000007f868e60000 - 0x000007f868ef8000 	C:\Windows\system32\DNSAPI.dll
0x000007f862410000 - 0x000007f862418000 	C:\Windows\System32\rasadhlp.dll
0x000007f866490000 - 0x000007f8664ef000 	C:\Windows\System32\fwpuclnt.dll
0x000007f861e30000 - 0x000007f861e4e000 	C:\Windows\System32\IME\SHARED\imesearchdll.dll
0x000007f869080000 - 0x000007f86909a000 	C:\Windows\system32\CRYPTSP.dll
0x000007f868d00000 - 0x000007f868d4b000 	C:\Windows\system32\rsaenh.dll
0x000007f868e00000 - 0x000007f868e1f000 	C:\Windows\system32\USERENV.dll
0x000007f860e60000 - 0x000007f860e74000 	C:\Windows\system32\napinsp.dll
0x000007f860e80000 - 0x000007f860e98000 	C:\Windows\system32\pnrpnsp.dll
0x000007f867720000 - 0x000007f867736000 	C:\Windows\system32\NLAapi.dll
0x000007f860e40000 - 0x000007f860e52000 	C:\Windows\System32\winrnr.dll
0x000007f860ea0000 - 0x000007f860eb4000 	C:\Windows\system32\wshbth.dll
0x000007f866b20000 - 0x000007f866b4a000 	C:\Windows\system32\IPHLPAPI.DLL
0x000007f866b00000 - 0x000007f866b0a000 	C:\Windows\system32\WINNSI.DLL
0x0000000056e20000 - 0x0000000056e50000 	C:\Program Files\Java\jre7\bin\jpeg.dll
0x000007f866e20000 - 0x000007f866fb3000 	C:\Windows\system32\WindowsCodecs.dll
0x000007f85fc60000 - 0x000007f85fc75000 	C:\Program Files\Orchis\lib\quims.dll
0x0000000056df0000 - 0x0000000056e1a000 	C:\Program Files\Java\jre7\bin\dcpr.dll
0x0000000056de0000 - 0x0000000056dec000 	C:\Program Files\Java\jre7\bin\jsound.dll
0x0000000056dd0000 - 0x0000000056ddb000 	C:\Program Files\Java\jre7\bin\jsoundds.dll
0x000007f84d950000 - 0x000007f84d9db000 	C:\Windows\system32\DSOUND.dll
0x000007f869770000 - 0x000007f8697b3000 	C:\Windows\system32\POWRPROF.dll
0x000007f867430000 - 0x000007f867492000 	C:\Windows\system32\MMDevAPI.DLL
0x000007f869950000 - 0x000007f869972000 	C:\Windows\system32\DEVOBJ.dll
0x000007f869c60000 - 0x000007f869caf000 	C:\Windows\SYSTEM32\cfgmgr32.dll
0x000007f849a00000 - 0x000007f849a39000 	C:\Windows\system32\wdmaud.drv
0x000007f852360000 - 0x000007f852367000 	C:\Windows\system32\ksuser.dll
0x000007f867690000 - 0x000007f867699000 	C:\Windows\system32\AVRT.dll
0x000007f8654d0000 - 0x000007f865542000 	C:\Windows\system32\AUDIOSES.DLL
0x000007f852020000 - 0x000007f85202b000 	C:\Windows\system32\msacm32.drv
0x000007f84d280000 - 0x000007f84d299000 	C:\Windows\system32\MSACM32.dll
0x000007f852010000 - 0x000007f852019000 	C:\Windows\system32\midimap.dll

VM Arguments:
java_command: Client
Launcher Type: SUN_STANDARD

Environment Variables:
JAVA_HOME=C:\Program Files\Java\jdk1.7.0_25
CLASSPATH=;C\Program Files\Java
PATH=C:\Program Files (x86)\Intel\iCLS Client\;C:\Program Files\Intel\iCLS Client\;C:\Windows\system32;C:\Windows;C:\Windows\System32\Wbem;C:\Windows\System32\WindowsPowerShell\v1.0\;C:\Program Files (x86)\Intel\OpenCL SDK\2.0\bin\x86;C:\Program Files (x86)\Intel\OpenCL SDK\2.0\bin\x64;C:\Program Files\Intel\Intel(R) Management Engine Components\DAL;C:\Program Files\Intel\Intel(R) Management Engine Components\IPT;C:\Program Files (x86)\Intel\Intel(R) Management Engine Components\DAL;C:\Program Files (x86)\Intel\Intel(R) Management Engine Components\IPT;C:\Program Files\Intel\WiFi\bin\;C:\Program Files\Common Files\Intel\WirelessCommon\;C:\Program Files\Sony\VAIO Improvement\;C:\Program Files (x86)\Sony\VAIO Startup Setting Tool;;C:\Program Files\Java\jdk1.7.0_25\bin
USERNAME=‚í‚ñ‚í‚ñ‚¨‚¾‚¨
OS=Windows_NT
PROCESSOR_IDENTIFIER=Intel64 Family 6 Model 58 Stepping 9, GenuineIntel



---------------  S Y S T E M  ---------------

OS: Windows 8 , 64 bit Build 9200 

CPU:total 4 (2 cores per cpu, 2 threads per core) family 6 model 58 stepping 9, cmov, cx8, fxsr, mmx, sse, sse2, sse3, ssse3, sse4.1, sse4.2, popcnt, avx, ht, tsc, tscinvbit, tscinv

Memory: 4k page, physical 4070676k(2238756k free), swap 7740692k(3983904k free)

vm_info: Java HotSpot(TM) 64-Bit Server VM (23.25-b01) for windows-amd64 JRE (1.7.0_25-b17), built on Jun 21 2013 12:58:32 by "java_re" with unknown MS VC++:1600

time: Wed Jul 03 10:41:36 2013
elapsed time: 9 seconds

